<?xml version="1.0" encoding="UTF-8"?>
<!-- Generated by org.testng.reporters.JUnitXMLReporter -->
<testsuite ignored="0" hostname="DESKTOP-S3OKLNV" failures="3" tests="8" name="Error Validation Test" time="128.129" errors="0" timestamp="2023-05-08T05:04:29 BDT">
  <testcase classname="israt.tests.AssertTest" name="ProdAdd" time="12.124"/>
  <testcase classname="israt.tests.AssertTest" name="ProdAdd" time="12.353"/>
  <testcase classname="israt.tests.AssertTest" name="loginErrorValidation" time="4.512"/>
  <testcase classname="israt.tests.AssertTest" name="loginErrorValidation" time="4.675">
    <failure type="java.lang.AssertionError" message="expected [This is wrong password] but found [This email is not registered]">
      <![CDATA[java.lang.AssertionError: expected [This is wrong password] but found [This email is not registered]
at israt.tests.AssertTest.loginErrorValidation(AssertTest.java:35)
at java.base/java.util.ArrayList.forEach(ArrayList.java:1541)
... Removed 33 stack frames]]>
    </failure>
  </testcase> <!-- loginErrorValidation -->
  <testcase classname="israt.tests.AssertTest" name="loginSuccess" time="7.739"/>
  <testcase classname="israt.tests.AssertTest" name="loginSuccess" time="7.522"/>
  <testcase classname="israt.tests.AssertTest" name="wrongProdAdd" time="7.599">
    <failure type="java.lang.NullPointerException">
      <![CDATA[java.lang.NullPointerException
at israt.PageObjectModel.ProductCatalogue.addProductToCart(ProductCatalogue.java:60)
at israt.tests.AssertTest.wrongProdAdd(AssertTest.java:68)
at java.base/java.util.ArrayList.forEach(ArrayList.java:1541)
... Removed 27 stack frames]]>
    </failure>
  </testcase> <!-- wrongProdAdd -->
  <testcase classname="israt.tests.AssertTest" name="wrongProdAdd" time="8.041">
    <failure type="java.lang.NullPointerException">
      <![CDATA[java.lang.NullPointerException
at israt.PageObjectModel.ProductCatalogue.addProductToCart(ProductCatalogue.java:60)
at israt.tests.AssertTest.wrongProdAdd(AssertTest.java:68)
at java.base/java.util.ArrayList.forEach(ArrayList.java:1541)
... Removed 27 stack frames]]>
    </failure>
  </testcase> <!-- wrongProdAdd -->
</testsuite> <!-- Error Validation Test -->
